[debug] [2025-07-06T20:11:03.093Z] ----------------------------------------------------------------------
[debug] [2025-07-06T20:11:03.094Z] Command:       /Users/jlopez/.nvm/versions/node/v22.15.1/bin/node /Users/jlopez/.nvm/versions/node/v22.15.1/bin/firebase emulators:exec --only firestore npm run test:rules
[debug] [2025-07-06T20:11:03.095Z] CLI Version:   14.9.0
[debug] [2025-07-06T20:11:03.095Z] Platform:      darwin
[debug] [2025-07-06T20:11:03.095Z] Node Version:  v22.15.1
[debug] [2025-07-06T20:11:03.095Z] Time:          Sun Jul 06 2025 15:11:03 GMT-0500 (Central Daylight Time)
[debug] [2025-07-06T20:11:03.095Z] ----------------------------------------------------------------------
[debug] 
[debug] [2025-07-06T20:11:03.163Z] > command requires scopes: ["email","openid","https://www.googleapis.com/auth/cloudplatformprojects.readonly","https://www.googleapis.com/auth/firebase","https://www.googleapis.com/auth/cloud-platform"]
[debug] [2025-07-06T20:11:03.163Z] > authorizing via signed-in user (jl@josejulianlopez.com)
[debug] [2025-07-06T20:11:03.266Z] openjdk version "21.0.7" 2025-04-15 LTS

[debug] [2025-07-06T20:11:03.267Z] OpenJDK Runtime Environment Temurin-21.0.7+6 (build 21.0.7+6-LTS)
OpenJDK 64-Bit Server VM Temurin-21.0.7+6 (build 21.0.7+6-LTS, mixed mode, sharing)

[debug] [2025-07-06T20:11:03.274Z] Parsed Java major version: 21
[info] i  emulators: Starting emulators: firestore {"metadata":{"emulator":{"name":"hub"},"message":"Starting emulators: firestore"}}
[warn] ⚠  firestore: Port 8080 is not open on localhost (127.0.0.1,::1), could not start Firestore Emulator. {"metadata":{"emulator":{"name":"firestore"},"message":"Port 8080 is not open on localhost (127.0.0.1,::1), could not start Firestore Emulator."}}
[warn] ⚠  firestore: To select a different host/port, specify that host/port in a firebase.json config file:
      {
        // ...
        "emulators": {
          "firestore": {
            "host": "HOST",
            "port": "PORT"
          }
        }
      } {"metadata":{"emulator":{"name":"firestore"},"message":"To select a different host/port, specify that host/port in a firebase.json config file:\n      {\n        // ...\n        \"emulators\": {\n          \"firestore\": {\n            \"host\": \"HOST\",\n            \"port\": \"PORT\"\n          }\n        }\n      }"}}
[debug] [2025-07-06T20:11:03.500Z] [logging] Logging Emulator only supports listening on one address (127.0.0.1). Not listening on ::1
[debug] [2025-07-06T20:11:03.500Z] [firestore.websocket] websocket server for firestore only supports listening on one address (127.0.0.1). Not listening on ::1
[info] i  emulators: Shutting down emulators. {"metadata":{"emulator":{"name":"hub"},"message":"Shutting down emulators."}}
[error] 
[error] Error: Could not start Firestore Emulator, port taken.
[debug] [2025-07-06T20:22:44.322Z] ----------------------------------------------------------------------
[debug] [2025-07-06T20:22:44.324Z] Command:       /Users/jlopez/.nvm/versions/node/v22.15.1/bin/node /Users/jlopez/.nvm/versions/node/v22.15.1/bin/firebase emulators:exec --only firestore npm run test:rules
[debug] [2025-07-06T20:22:44.324Z] CLI Version:   14.9.0
[debug] [2025-07-06T20:22:44.324Z] Platform:      darwin
[debug] [2025-07-06T20:22:44.324Z] Node Version:  v22.15.1
[debug] [2025-07-06T20:22:44.324Z] Time:          Sun Jul 06 2025 15:22:44 GMT-0500 (Central Daylight Time)
[debug] [2025-07-06T20:22:44.324Z] ----------------------------------------------------------------------
[debug] 
[debug] [2025-07-06T20:22:44.391Z] > command requires scopes: ["email","openid","https://www.googleapis.com/auth/cloudplatformprojects.readonly","https://www.googleapis.com/auth/firebase","https://www.googleapis.com/auth/cloud-platform"]
[debug] [2025-07-06T20:22:44.391Z] > authorizing via signed-in user (jl@josejulianlopez.com)
[debug] [2025-07-06T20:22:44.500Z] openjdk version "21.0.7" 2025-04-15 LTS

[debug] [2025-07-06T20:22:44.500Z] OpenJDK Runtime Environment Temurin-21.0.7+6 (build 21.0.7+6-LTS)
OpenJDK 64-Bit Server VM Temurin-21.0.7+6 (build 21.0.7+6-LTS, mixed mode, sharing)

[debug] [2025-07-06T20:22:44.515Z] Parsed Java major version: 21
[info] i  emulators: Starting emulators: firestore {"metadata":{"emulator":{"name":"hub"},"message":"Starting emulators: firestore"}}
[warn] ⚠  firestore: Port 8080 is not open on localhost (127.0.0.1,::1), could not start Firestore Emulator. {"metadata":{"emulator":{"name":"firestore"},"message":"Port 8080 is not open on localhost (127.0.0.1,::1), could not start Firestore Emulator."}}
[warn] ⚠  firestore: To select a different host/port, specify that host/port in a firebase.json config file:
      {
        // ...
        "emulators": {
          "firestore": {
            "host": "HOST",
            "port": "PORT"
          }
        }
      } {"metadata":{"emulator":{"name":"firestore"},"message":"To select a different host/port, specify that host/port in a firebase.json config file:\n      {\n        // ...\n        \"emulators\": {\n          \"firestore\": {\n            \"host\": \"HOST\",\n            \"port\": \"PORT\"\n          }\n        }\n      }"}}
[debug] [2025-07-06T20:22:44.744Z] [logging] Logging Emulator only supports listening on one address (127.0.0.1). Not listening on ::1
[debug] [2025-07-06T20:22:44.744Z] [firestore.websocket] websocket server for firestore only supports listening on one address (127.0.0.1). Not listening on ::1
[info] i  emulators: Shutting down emulators. {"metadata":{"emulator":{"name":"hub"},"message":"Shutting down emulators."}}
[error] 
[error] Error: Could not start Firestore Emulator, port taken.
